0.65883972577837
0.4614247829953933
0.2461308709828737
0.17020283486801988
0.24024020989253045
0.42096109972051304
0.5371597742094923
0.40237620970792554
0.14017121142755165
0.007543485195241237
0.006026042538929927
0.0026531981549365925
0.012947657937972333
0.08572851401532693
0.13837014857303864
0.09975891397199187
0.008731694093297163
0.008303254889057086
0.0007181134825714464
0.0022256518932003986
0.045844009556618916
0.20175705266678165
0.3565215749272626
0.3007106764594964
0.10413397045400959
0.0029350071882347215
0.010648307505597483
0.005848313586040486
0.007766834289234715
0.07195569169842711
0.12303254403695936
0.0893372015869452
0.4636988756618454
0.40646979384747806
0.41390817337222313
0.31049396290438414
0.10232602697421003
0.00013591782681917795
0.04360980327998294
0.05150500562712377
0.0032811590257363858
0.028479618899133374
0.08777725795242783
0.06184967764207272
0.004631047854736661
0.015863808873905694
0.04870130025286439
0.031863625859755135
0.6934648189046326
0.7514111532716005
0.859344592480845
0.7643238397753145
0.4224806635035177
0.11271806040390737
0.008829387093995044
0.0020993281238172313
0.03381054473662523
0.14583926809782974
0.23682398385392783
0.17673918006582515
0.0497970518369759
0.0001868439550501068
0.00894727166705473
0.0038711586329647687
0.051840438808576944
0.1548921147919437
0.33034175749870126
0.3953550585107336
0.24266287927399102
0.05991204549134611
0.0023286642826832616
0.0008124238048449895
0.033891632136207314
0.15502381682598076
0.2564564579977601
0.1973772460614091
0.06081163340734432
0.0010707293880013846
0.006656935382723485
0.0028893700004435524
0.3679056346519979
0.13768413255425294
0.01139765891739836
0.001403342115066343
9.13533924413959e-05
0.031158168695661362
0.09247942083659984
0.0710367309374564
0.003913701917607085
0.03563510974136959
0.11341595567736137
0.0913127251067367
0.015120022295954647
0.006582538642284888
0.03675034864945727
0.026350708312606372
0.8870832581192747
0.5791675711423734
0.2735406427738085
0.14488910070220537
0.1700294366054823
0.30746330517817544
0.42640449886817083
0.34100250153269523
0.11980778490507159
0.0034820782701676842
0.01546908184047174
0.014633523451778234
0.0012014869619044193
0.05018170915215233
0.10707825235454121
0.08687385169104216
0.23661340493414515
0.19187134845528617
0.09705788444445047
0.06660442452099366
0.12855751760003023
0.30621837278128633
0.4777990927421256
0.420911119828259
0.18008515374316858
0.01912425050001523
0.002817777024300477
0.003781293925123048
0.006989587394935018
0.07114134047725149
0.13561751723617838
0.11355323935480659
0.12958828961760982
0.09778915406978306
0.11632291823700946
0.0898106833470051
0.012032807039043282
0.02850787990678654
0.14682013634482824
0.16546420739342838
0.05499731434937797
0.00022042261027767373
0.03357293445486003
0.031684281267055026
0.0005603187189182394
0.028123340078328937
0.07702564546001615
0.06445840348165267
0.7322776501355843
0.6920082017495579
0.7436335926128809
0.6504100547827609
0.34544924298446966
0.07189953625727322
1.6838696679708498e-05
0.005169569870360782
0.0026835533520663465
0.06815378656418716
0.15913252855495538
0.137470690462614
0.03922919815594759
8.589522801271738e-05
0.017661689278956855
0.014362003587879325
0.3201876597885548
0.4390757069584563
0.6314198738069007
0.6734181489606053
0.43870656857314383
0.14500823928414686
0.018053491869603956
0.003698020125049376
0.03193409492436302
0.14411072794635388
0.2594592736191324
0.22404064472889582
0.08514324769685294
0.005535023432012473
0.003502654487990239
0.0028733034498592425
0.06632332833602998
0.0024804055732816
0.03812326649438204
0.109672832871842
0.0745329485361515
0.005778267040079356
0.010763603014419258
0.016066403103395417
0.0008862600426544473
0.06832357136627751
0.1728570142706483
0.1584041803636362
0.05179805047548519
0.00021236907325868277
0.014176308566402809
0.013105736058212004
0.8022798831335864
0.4694731375589906
0.17100230810892683
0.05405411963642673
0.055265829051166435
0.1400525817347736
0.24933287598704054
0.22326003373019387
0.07297029992500176
1.8187367446240712e-05
0.039034890704285945
0.045168657351200056
0.0043848694071897485
0.017419273786516115
0.06672637481216516
0.06276739680978785
0.6270973498293971
0.4770141157620211
0.25131585426475667
0.14151682063103585
0.1705262752927668
0.325736015748507
0.4951522589646904
0.4568263403810924
0.2153429276189404
0.029732029970406252
0.0018592202403073875
0.006534826244417233
0.0021799531335621423
0.05414199170170226
0.12479655018863614
0.1183654575752889
0.0014618536370872535
0.004133624318511821
4.328496856810648e-05
0.0007233433693492472
0.010091410672091402
0.11299405844071353
0.2864201609609839
0.3144122502342596
0.1502648222789954
0.01433355213708054
0.007205224843079776
0.014329903020916027
6.31157863754383e-05
0.038040702560564806
0.10171258725026656
0.09885994398098717
0.496812938193772
0.4138121390764682
0.440667819933445
0.39096504190298476
0.18801528298112755
0.01686696183922642
0.01910889702902266
0.052567654686633575
0.012740472139550678
0.012263030989634209
0.08047308838104736
0.08801258967580687
0.023403289465797054
0.002255982683627252
0.033582074240403374
0.03558295125141364
0.6181027484139122
0.6567357162786771
0.798195025341347
0.8038315926411618
0.5279633468308248
0.18086421779019274
0.020476485812452483
0.0007374342732624523
0.013195358168156028
0.09723886488235095
0.21426240779703365
0.21010669573865526
0.08982093617576133
0.007295436314430084
0.003935543274165973
0.0060255766461727745
0.017791896311464824
0.08295654026428535
0.24233584130388477
0.36523963814048044
0.2773792449128322
0.08835650995941706
0.004346633317057822
0.00028964111753426334
0.008352329731972113
0.09124652307845667
0.21426216163738473
0.21590351574220534
0.0949457269898102
0.008448545891231736
0.0036677810996465503
0.006296306893673766
0.467740209738093
0.220771551382485
0.03652800871138381
2.4195098027984257e-05
0.00016721808419932068
0.01869333050644737
0.08940003465084197
0.10521848974915973
0.028136083124504007
0.007113456778207466
0.07876841148724016
0.09678522863846757
0.03062274442059964
0.0008578360222326224
0.031135831458054822
0.03731779945016082
0.9066253267645297
0.6453411084815713
0.3153018182967495
0.14201558418107096
0.13037784722960352
0.24161771414463387
0.39585557614313005
0.39333465736339407
0.19424954706232664
0.02451267901381256
0.005254403151218385
0.01768757472768156
0.0004300153345305633
0.028167186292216158
0.09414925563335702
0.10265803430857491
0.19182825097486414
0.1794613364992059
0.08847274003865324
0.04265377796805601
0.06975123918920628
0.2036983808441458
0.39986418351812425
0.4375396777860967
0.24359559052134003
0.046448601840394864
0.0003008644270597067
0.007578326033145513
0.00024658568212815177
0.039239960641338875
0.11244008620296705
0.12280620450924655
0.16628007932000222
0.11174914407759647
0.13514662991833787
0.13496481236627175
0.04978650777025709
0.002085575012619339
0.09131095154961504
0.15843119002131964
0.08098718386555412
0.0021597357817105755
0.02571304086368206
0.04596261487919446
0.010322027020818187
0.007925972998978575
0.05495328624536166
0.06627805957635047
0.7128063442928272
0.6475343223615962
0.7215716897168478
0.7111370289137192
0.4603582839374469
0.14153612869142923
0.005808499247174828
0.004612878154336261
1.2543842781554796e-06
0.03888260678973627
0.13929808245995393
0.16357023869291143
0.07509054109722793
0.0047018726949191935
0.008044780690995519
0.015130937216567693
0.23877323774968892
0.32868026397889155
0.5241894477913978
0.6484008659515951
0.500764482735761
0.20328353007891548
0.03082120439431232
0.001565409494992652
0.010898519480827828
0.08804411037380945
0.2175141087686626
0.2416176617939131
0.1256965165809025
0.01997142073522942
0.0006294166453976501
0.004220894814275687
0.12195688647202754
0.025728520178698172
0.009661241980992063
0.08215597909869744
0.08346371976334903
0.014046861568169347
0.0076197453155259455
0.028932433094586617
0.004198936735131384
0.02540221074100205
0.12585855262888723
0.15987059039050835
0.07629457076541699
0.004875898447369546
0.008960081442061972
0.018092873548431056
0.8791981325459954
0.5740214819257712
0.23351034312468275
0.0670396181316288
0.0431668140764077
0.10539271422758217
0.2290630061242929
0.26406858960869267
0.1332769767440928
0.010073758165996437
0.017518727923938826
0.04398142748707371
0.012306881310162084
0.006279673215379848
0.05530679002786068
0.0736116191668262
0.5823266550767856
0.48856319175249313
0.2650022674578765
0.12554860124372155
0.11853584193384203
0.23568776537652578
0.42531051927512054
0.4778177206952074
0.289375516757073
0.06803864065127199
9.732451241100494e-05
0.007694241697196533
4.501243213811876e-05
0.02932644448125885
0.10315842568145109
0.12677877234642002
0.00043009265148800534
0.001487984015196942
0.0008047068761729149
0.007008404252934466
5.48879257651039e-06
0.04742015018322278
0.20437128028543552
0.2992489682911302
0.19023653088632694
0.03498627003324858
0.002404310799878315
0.01984892400602465
0.003398677189847018
0.014690111798177908
0.07538389249788208
0.09895184603261858
0.5290309357901878
0.4136192693428791
0.4466160075604173
0.4514201354302389
0.2835393705793614
0.062438267530903396
0.0024230841548639292
0.04295854332759719
0.02330250544218943
0.0026135294788880003
0.06453436012719721
0.10433534382581372
0.050263031120462334
0.0010087024308197575
0.01767441033759514
0.03339127187257473
0.5442952316931843
0.5581534531492991
0.7095910502091879
0.8017817420395068
0.6176005740499728
0.2640843410375691
0.043335106041549595
0.0009628768637113006
0.003684538952358924
0.057536094427054665
0.17817015462596086
0.22543784179163473
0.13151929440501148
0.025064634279234176
0.00029319743680388574
0.005693667582135362
0.0017574354366672047
0.03223602997540611
0.1562971405453155
0.3118092864005612
0.29615374041900216
0.1216459951519329
0.009825757020563044
0.0016326691105943449
0.00017798821770420725
0.04346177982211274
0.1617848772842283
0.21450373591250707
0.12641412643877534
0.023068552783616397
0.0006573448735065141
0.0074717174134933725
0.5663520048903841
0.320367248046119
0.08116536324396766
0.0020223286642622866
0.0004861771809134052
0.009148846489973007
0.07659770724771153
0.128730915150433
0.06612563514703956
0.0004501199191009793
0.043126693189835995
0.0886094127087655
0.04486209217384795
0.00048112448323089555
0.02206393644692668
0.042529989718734125
0.9058828919650747
0.7062117471677759
0.3678800246858598
0.15023255456622836
0.10287182636738244
0.18083826262000388
0.343815525776302
0.41618185863043117
0.26810610496400794
0.0643823753826033
2.1180996059232613e-05
0.01503721996594208
0.0035926220865395474
0.012981622329524406
0.0760294787989685
0.10899452116480336
0.1462123894040636
0.1651571596039385
0.08491983593779101
0.029077162592393502
0.03285322221288432
0.1199203277667003
0.30733020250708226
0.420176581130586
0.29589499144761844
0.08462819174202335
0.0010995583323186685
0.008250240362322789
0.0012831982807507674
0.017586142345074832
0.08582557379311881
0.12211831716617177
0.20868411615605548
0.12500664120063126
0.14568642905588142
0.1727422308102542
0.10336800870632663
0.0060188198200124944
0.04170975500037946
0.1328549621193898
0.0998604700607928
0.011094644017338822
0.015295111807740592
0.05285089028122242
0.026815776805633282
0.00017412421049711142
0.03302363572427169
0.06072176239555089
0.6906746869501014
0.596126451913511
0.6738143763748947
0.7349664416230487
0.5635787021056149
0.23134589781785797
0.026359102442408036
0.0017026683594434401
0.0013382258636970815
0.018344652636682453
0.11154387264151826
0.17451439306739047
0.11213652155442866
0.02083938787762048
0.0012842141662468187
0.012129528666202332
0.16997170905162085
0.23077199924270278
0.4079923106335727
0.5886400727249297
0.5383923715233345
0.26661662730605545
0.05255733523426553
0.0015684735767232199
0.0021669326982711144
0.04638380373270519
0.16771763763755568
0.2393474809010305
0.16166842228266065
0.042574463032248905
0.0004100288234332143
0.003488569913919511
0.1884117448852109
0.07246902813338582
7.589099946699351e-05
0.04976857865795053
0.08301801687526265
0.024957963640325258
0.003305155381099216
0.03674863995725342
0.02034886788645648
0.003482482227570107
0.07825765890603732
0.14488289055378484
0.09536146498689897
0.014937458148978209
0.0035742218290480514
0.018924698519496953
0.9380250947485115
0.6787401075630254
0.3120436808281668
0.09023260585296708
0.03755242637598886
0.07585573111116514
0.19570605157184098
0.28273499246554723
0.1951944339565665
0.04090339258808304
0.002883527799529523
0.034503554629469406
0.01926213535823176
0.00094756973195174
0.041320213710599366
0.07662140822812916
0.5247239194698196
0.49171758137808247
0.28452480885092984
0.12014240618649333
0.08290769704866027
0.1595944849002155
0.34098863641560834
0.46470198254334294
0.35057066509532847
0.1190266688524118
0.005639227862978359
0.00548795252805945
0.0018630765651806455
0.013198025809256962
0.0793504189640543
0.12565302315277618
0.007083914441584482
0.00012679483657970333
0.0017164351640313366
0.015253452952137234
0.008189619977997784
0.010089020599813361
0.12490429592672539
0.25895512799022175
0.21593871452326144
0.06216745610749957
3.885362627478287e-06
0.020314479838575945
0.011724529998929067
0.0027208478911618637
0.04969354427026593
0.090933609165807
0.5615368384521586
0.40952057152709276
0.4352172912026338
0.4863389950025763
0.3756424893773239
0.13349831510900784
0.002754034605269934
0.026526281706350293
0.03016651141717248
1.5367365076070686e-05
0.045510290989842196
0.1091323534790357
0.07832303987123954
0.011444810312170244
0.005565092002006034
0.02653378016952444
0.47449799574754137
0.4626588313552094
0.6040410339310934
0.7596313783202417
0.6799760330894529
0.3548105906930078
0.08043641356883703
0.00305054191744186
0.0005598532335266637
0.029368387354644275
0.1366305992552671
0.22279505233782843
0.1682215572759572
0.051761902963173276
0.0013762270568019202
0.0034192769526242995
0.0020292527076488692
0.005133194455478723
0.08271961105333418
0.24215769459550784
0.29441442808540597
0.15528598826915838
0.020369113790229616
0.001915329972527714
0.0023065288169195615
0.01389046930708875
0.1085044695322645
0.19532679093591515
0.14981807876658404
0.043157722236137876
0.0003102429785062426
0.00620134615251714
0.6577663334115244
0.4304820485477004
0.14780090504064414
0.012291802638286674
0.0002429214988898426
0.003366929702700545
0.05854929458838339
0.1380376397771204
0.10801951482687447
0.015119637507347699
0.015127748124201664
0.07006399531514051
0.05405900430631743
0.004693576376709577
0.01278840277546645
0.04217861300687132
0.883097896708259
0.7555364327011057
0.4287746136060418
0.16955006108358145
0.08614399315925043
0.1296764474979343
0.27968074939440896
0.4088607769059916
0.33079562875169966
0.11939590125355586
0.005431645324933441
0.008766905551777567
0.006976482538997395
0.004183062343277188
0.05643611014433515
0.10682116811872489
0.10181889032577356
0.14735599669389085
0.08447396997816059
0.022290821572649118
0.012636732551654678
0.0589930667808378
0.21321550951189075
0.373269374655911
0.3295138375034551
0.12965504679875525
0.008671152960987536
0.005921114861248666
0.0052657473543842115
0.0050722665607488
0.05923088977261556
0.11266655321733067
0.25771648477150727
0.1390653971382646
0.14892235551107003
0.19803838934461315
0.161837647090545
0.03847391954437905
0.008853072651579147
0.09535300645653254
0.10781865118558916
0.02519262688853297
0.005964812040224633
0.051893171075933074
0.044704097197403224
0.003470909665949501
0.014771466076090534
0.04949714125618806
0.6675756537118424
0.5428179382275949
0.6075622594234906
0.7213873114186721
0.6434354890029903
0.33403483461553996
0.06647308826712595
2.5359098758055918e-05
0.003036562926870587
0.005993784916453452
0.08045265170899725
0.1701959806130468
0.14491107612792797
0.04669541230985865
0.0006379501614134687
0.007154963495401853
0.1143251914968428
0.14974460254656727
0.29389444569248546
0.5011434562715537
0.5461518881731195
0.3288933502786917
0.08494392560249117
0.003400776290594174
2.1112949256977128e-05
0.018679076134684926
0.11600178539976645
0.21860892510594018
0.1882680828765154
0.07112741375880197
0.005214810599915495
0.0016926024402862435
0.26076207874752594
0.1391443693120996
0.014955819963802266
0.020214132821254723
0.07269497016430954
0.036676663491082846
0.00029943159973425066
0.03731254402902894
0.041419737396628076
0.0014392717541670318
0.037309082827632456
0.11727430074952189
0.1062482159334945
0.028931467472483548
0.0003378416441843307
0.016630209467689252
0.974736230418856
0.7761454233248448
0.4050947514788848
0.1263126553080568
0.037678830204015495
0.05246534732624278
0.1544326120617538
0.2776021590751287
0.24927204804162215
0.08922146831183746
0.0012087390937174445
0.020852943698553058
0.023304711588579333
0.0002079720573002954
0.026859917694153013
0.07292199062563538
0.45595503561666473
0.48316657588450534
0.3074841822550591
0.12394050195896913
0.060156137485056035
0.09956618309702549
0.251489050618106
0.4201557946116146
0.3914136040391292
0.17840576447890624
0.022129530669150906
0.001979438730576012
0.00450646229551522
0.003634586236638035
0.05446140436667767
0.1152716225773311
0.02320159274931462
0.0003881478336446772
0.0023134540360264053
0.02155695164697615
0.026281967314492553
0.0001556517507076792
0.0587394668632498
0.20081498827584301
0.22428491198439446
0.09336459703017248
0.0029176783985471236
0.01638127377021655
0.021264661351082265
0.00023641818486396882
0.026270770426713604
0.07551417110147611
0.5951049350395824
0.40442078017366745
0.4102607721685583
0.49329094156585773
0.45274400339917875
0.22356565770511655
0.026676197776314813
0.009744923340872586
0.03153731980280159
0.00304494332616253
0.026114174346057856
0.10215889480105927
0.10333673117228326
0.032146660117752794
6.916195520323823e-05
0.01703122254271902
0.41017061160054286
0.37499919998504677
0.49110577694500024
0.6823011138050018
0.707743487006262
0.44559263964560814
0.13419796264814318
0.009489335254236227
4.142510268830253e-06
0.011006066183894606
0.09260993501555706
0.20186061080258716
0.19512205719963474
0.08524961984463002
0.009484155271200207
0.0009560051915603913
0.01593714394444768
0.001067151566852069
0.0297025010895246
0.16559103835497227
0.27139193594162825
0.18564756056149964
0.03790304138563235
0.0007955764738450151
0.008685665481416003
0.0008896992871343193
0.05953753640970079
0.16069572433509738
0.1620086046287622
0.06683850340384999
0.004402696706564676
0.0037678955550166007
0.7365980270854438
0.5435986221352861
0.23671800008406613
0.03656231586408764
5.133159115230866e-05
0.0006572649303650158
0.03835212271786414
0.1314103849418167
0.14533449897022846
0.04820330721838418
0.0007879331119335699
0.0457583914708059
0.0571494203161685
0.012499946640930426
0.004976679561013322
0.03745754937900889
0.838138071104956
0.7875979250957492
0.49492171076338165
0.2008735684588535
0.07868118405370401
0.0889493020206783
0.20974801630530368
0.37179819400959957
0.37356513801877334
0.18471192317443255
0.02556737813830048
0.002415391908697386
0.009087605886519742
0.00026310076344827053
0.03599597338993178
0.09607367165742611
0.06149238727027482
0.1253282395658854
0.08567659660619986
0.020229015093753962
0.0035295980608867302
0.020763952070459727
0.12725515281410169
0.3027437348200918
0.33975032326666116
0.17769424521192978
0.025834230156047945
0.0022946951878731903
0.009611823966926196
9.605041914198812e-05
0.03345784798603524
0.09408944125042634
0.31416380753122713
0.15555727747143966
0.14645596275061643
0.20796920575011907
0.21458289417566295
0.09385139223518067
0.0006316612463202197
0.05401292716414565
0.10358026559836458
0.0426542823316465
0.0004429856442744455
0.0434403328824432
0.060413752358417165
0.016703595116376462
0.0026951337137514587
0.03401955171269419
0.6446303733487733
0.4916675532923814
0.5301455616141761
0.6728194617646738
0.6900645088337396
0.4401370761839811
0.1291611617924323
0.004812072174494273
0.003261652257131379
0.0005154937718974019
0.04888781700341338
0.150012604128214
0.1682445931147326
0.08008907448038652
0.008619448603472699
0.002277935885714811
0.07141789957891641
0.08761313743314886
0.19144209367650733
0.395251621640806
0.5211028350824193
0.38321037647793116
0.12921735988834937
0.00900312324415725
0.0004359379681187358
0.0037443469503342366
0.06709863320659336
0.18057508703714775
0.20074292538274133
0.10274608501846098
0.016587863800520748
0.00019361711933329437
0.3339842595545646
0.2197798547169227
0.057030259207115866
0.0020791723785840133
0.053857651466612366
0.046714385041079005
0.0009658815272829312
0.030403794982377004
0.06020495547691672
0.01668141818648862
0.009250217802919203
0.08127979623406544
0.10676539941901712
0.04513813748027803
0.0008108757249415744
0.012181697724206925
0.9867170665772708
0.8580418319949205
0.5088680871143407
0.1784372878481338
0.04422534167725628
0.035665819682916246
0.11073402111380372
0.2489747533748526
0.2858234850967225
0.14913752280669518
0.017027885332433317
0.007523474974704505
0.02334388961016113
0.0032123408730941536
0.013543402754967234
0.06273917616626014
0.3789344632659508
0.4600886156368611
0.33060092278378295
0.1365038195327378
0.0477065607708406
0.05652162326252446
0.1664850451101242
0.3492743700336725
0.4043715520784489
0.239414567015183
0.052052506427607656
2.9782578874942136e-10
0.00619199880294171
5.0835054782470895e-05
0.030618126183743693
0.09566767916925886
0.05070140340774555
0.0031877828291894624
0.0026399783756787605
0.023921681564778054
0.04607064336914466
0.013487796249522685
0.015138640938301156
0.13381546836155017
0.21226786024040223
0.12421021034117238
0.01364061251001131
0.009466358746856956
0.02876560523180322
0.0064446609575208496
0.008444534628360112
0.054217432935960506
0.6301724906713048
0.4014148798666521
0.3770438658391687
0.47339772435912053
0.5038923404763594
0.32161799996530016
0.07771811695832424
0.00026058341130258736
0.026341607957402275
0.009869201591804462
0.010151452168385568
0.08413393197552013
0.11989202493834904
0.06043712662914032
0.004151125923216443
0.007282856395185943
0.3520421735319034
0.29872713435127995
0.3807165665781957
0.5784665480108283
0.6950955354787609
0.5249077987631872
0.20414666526780997
0.024484410498734274
2.34878120759898e-06
0.0019900359600631638
0.052323128899951214
0.16487186796906692
0.20631980121712595
0.12112033765640859
0.026062452661965822
4.706961743256992e-05
0.04028570680889549
0.016951686743406948
0.0028979919109875163
0.09311311564001783
0.22791676188987886
0.20638885728664225
0.06278311717153716
2.957565618751424e-05
0.01411912885074516
0.002542723938514995
0.02241463593252265
0.11563608411225657
0.15921313195530537
0.090364534898958
0.014017199938256023
0.0011731160391093584
0.798444785450512
0.6504528251396807
0.3444120071892831
0.08047646094609787
0.0023133291467780973
1.3208456283185427e-05
0.020499517777940367
0.11069289424822237
0.16913597513466355
0.09314224313269452
0.005288996869764623
0.0213054550225707
0.05231942011174984
0.021941086912278144
0.0005280537674168592
0.028923864799425717
0.7725205827898531
0.7965800262191187
0.5604208289291157
0.24477843195371246
0.08061451535343754
0.06018910072211398
0.14381914355466863
0.31099784017544735
0.38764086141062126
0.2506204863029185
0.06225798551197185
0.00010715149555414975
0.008476176977770849
0.0007275100271324055
0.018205576554034097
0.07788780255451251
0.028646236313960786
0.09895211757116955
0.08631779365773852
0.021704527906063607
0.0006085727633879488
0.003140145977821331
0.0601995637166822
0.21908839500187707
0.32195428193469194
0.22035997572220803
0.05358371033335032
1.526360701848321e-05
0.011716484540724352
0.0021278342978434724
0.013311417247298424
0.06922541637542992
0.3785159484140046
0.1767152556957331
0.1413629282649147
0.2032530741999415
0.2519991433263113
0.16159561279131512
0.021656002106754463
0.018918517837337032
0.0859715169086929
0.05877405936127514
0.001586388601397779
0.029685310455325752
0.0690302186509305
0.036794119207155744
0.0005188423435564727
0.01773518984900299
0.6223593344371612
0.44636426993835926
0.4504506372500406
0.5969633265054906
0.6962405647821442
0.5348783111264279
0.21232724912138837
0.02238384276908857
0.001519149737873996
0.00046827792888527676
0.023219205942499776
0.11797371548820554
0.1763363310201039
0.11526768380837342
0.02653149039215205
4.045766687942744e-09
0.04013120558468978
0.04433623408545537
0.10875521612736978
0.28367736135907196
0.46334214832835946
0.4187208655420705
0.18230825201295833
0.02163969958750559
0.0006819204558793615
1.2564468590564885e-05
0.02943932146235654
0.13217686737358134
0.19508788988235556
0.1316305846312613
0.03479576260768812
0.0005319914138939911
0.40352130444460077
0.3063219301156721
0.12486828761659965
0.004018257493367525
0.030276907925380774
0.051016013736039624
0.006561035887352701
0.019033509874025342
0.0701226825292216
0.042966038981521223
2.004204733802392e-05
0.04440980544440195
0.09500155703078537
0.05953836138300247
0.005948480564972757
0.006608667354946104
0.9731962534524216
0.9160224227929052
0.6155777304397055
0.24826489932821305
0.0594911868145483
0.02593224008885882
0.07228940490983175
0.2036578048579964
0.2971391750736249
0.20964118217452699
0.05163690715296639
0.0002059508307976916
0.018332732791474293
0.008028592037711488
0.004301670473631367
0.04783306966828782
0.2978082236788672
0.4206448676569827
0.34866718103623423
0.15669968157503283
0.043696171065153264
0.02974298875490043
0.09670493921975593
0.2639619686552991
0.38506313360188554
0.2907567754680198
0.09440863350592064
0.0033847331062247907
0.005392894124913951
0.001383745580501198
0.01270081597703644
0.07069355604981124
0.09134932619659486
0.010218778222749298
0.0030801257267684856
0.022517553755478262
0.06077733926145127
0.04172467571343032
8.158140379380978e-06
0.07056424672629268
0.17949693064796213
0.14681187885604668
0.0323640230956681
0.0027248611765418847
0.03080948134232152
0.018262224545707837
0.00035683451506462094
0.031811716348806245
0.6665343002333389
0.4033990540088851
0.3419166036972988
0.43267764535157827
0.522259362411409
0.41249093130934905
0.15336558912481568
0.0066091466006254545
0.015654177669487825
0.016654049653958225
0.0014540190802148079
0.0597834240839854
0.12339639726178603
0.09011989910988152
0.01901594017357402
0.0008656727417851854
0.3000804187245313
0.23565619821775746
0.28168981102023893
0.46101725442667885
0.6418839964286589
0.5790054476136458
0.2841069857229416
0.05237625058907874
0.00024632852843530477
3.6688608807764147e-06
0.022750456946818404
0.11973466178011537
0.19869602963539765
0.15237613368762615
0.05044661617481772
0.0029104251561206055
0.07182594433193407
0.04756600855654004
0.003952247528165348
0.03639505517562481
0.1693088354586135
0.21054405134508772
0.09192614089244927
0.002839693060783772
0.015031020002986055
0.01337219381496003
0.0029523118701387566
0.0693648342723116
0.14060321847983245
0.10822142622001481
0.028695910202619655
4.500020338255905e-06
0.8405236372810309
0.7416039565082632
0.46311916731804464
0.14765306858633634
0.011584652211170656
6.100313690193229e-06
0.008349696093942026
0.0820885554184769
0.1740129056436755
0.13938587536853217
0.02966427678025223
0.004118347211637694
0.03975163265493737
0.029535587564261
0.0006018286157723635
0.018571103591450838
0.6896227618881562
0.7783958624125259
0.6171712874365605
0.29989910633372174
0.09257421060926951
0.042823303050714946
0.09010498395785076
0.23809322321967452
0.3700424322857679
0.30482908346343135
0.11285340034288933
0.006730654729532091
0.005042053674698414
0.003420698589435171
0.00629495425542807
0.056099231096015244
0.006998247120847962
0.06958846888316003
0.08392576010424745
0.02589406213056163
7.50405921984335e-05
0.000249859618119554
0.018277838800476905
0.13644239055445512
0.2774609755236928
0.24794509499768433
0.08926078903183993
0.002715784876889994
0.010104064998838154
0.008101729184484548
0.002247922890059729
0.04335845029986209
0.4505801427963319
0.20482505968643822
0.1369156872092297
0.18766386692674988
0.2686658868529516
0.22831996446887912
0.07002649491770274
0.0008402752427502773
0.05832937905401234
0.06782709395892361
0.009672240647045726
0.015135087992176596
0.06781078542317685
0.05798013221044518
0.009282783110536817
0.0051775213316182555
0.6005067334413421
0.4091080061932929
0.3759799955761707
0.5049852754803325
0.661647988742022
0.6035326874753438
0.3079272124870459
0.058125534779493074
9.27067693108304e-08
0.0024449199286739236
0.007216170787269791
0.08144534475019
0.16730271812526493
0.14500458399225236
0.05295710412489968
0.0031686226628749236
0.018923186143957438
0.01770951165376496
0.050050364211793964
0.17993452877029864
0.3794739869856928
0.42654916341188565
0.23719458178711636
0.04420470954083975
0.00010597297953050213
0.002655121192084143
0.007354133025933506
0.0829997836473517
0.171792245753673
0.15155409640499945
0.057973599193939226
0.004605217232185613
0.46584605661301115
0.3901928594596418
0.21259687748632286
0.032460847041329795
0.00924472008468332
0.04680918391953381
0.015754852332605113
0.007904897682566808
0.06835624817748386
0.07117307482361306
0.010332329730620624
0.015341094947787222
0.0728785712679467
0.06785171783708674
0.01507763480882623
0.0019222766757448519
0.9354959247681622
0.9437185934560449
0.715099264019737
0.33465242253654665
0.08657311716193318
0.022484150997956715
0.043399517686873806
0.15137823864549227
0.28175046542331006
0.2588323100657115
0.10133198457076166
0.004712181595214078
0.009949152720003008
0.01178057420950962
0.00028488891530978024
0.03153741280170671
0.2176784046787252
0.3654347387947935
0.3562656176685124
0.18236014029208858
0.046881721990414224
0.0153972612378441
0.04729297415214213
0.17809446295705506
0.3363487409086185
0.32205428485696963
0.144152003238539
0.015884260951866118
0.00255092395390373
0.004598782973471713
0.0027382653228942948
0.04528807219151354
0.14634978586948294
0.023971880468603775
0.004151141921879405
0.01879923937810804
0.06678414316580056
0.07429175676013396
0.012341051556665851
0.02345993626422117
0.13175855778942502
0.15459790257624237
0.05610687613461678
9.681825203183652e-06
0.02658112076798149
0.03073668562157834
0.002619417430431596
0.013239786534161196
0.7031667257439198
0.41231638087041594
0.3100101989450934
0.3793615870915667
0.5073070219416606
0.48196458189916574
0.24497288882102142
0.03538939192612123
0.004436230330827947
0.019520542742190068
0.00038365834691662297
0.03518687847752746
0.11327127162668221
0.11446836993197751
0.04277453755937135
0.0011449370319521579
0.2536764153938337
0.18566654223311443
0.1993535278428777
0.3433842591662219
0.5550029507121365
0.5977748881695083
0.363926808064677
0.09558782432048901
0.00282176844023095
0.0009055786906524886
0.005991918101455148
0.07518286800976381
0.1737586188079147
0.17262236556111948
0.07958767170675478
0.011523931791274164
0.1076956050330043
0.08665495670335015
0.02994736636867804
0.004734844336688791
0.10550950089319767
0.1946558179041054
0.1197897517786766
0.012088091121832751
0.011083583558161511
0.02605546638945815
0.0012530538571584758
0.03092755321963302
0.10963051192738965
0.11585135031489227
0.046132408359523126
0.002012373644040157
0.8618959653563392
0.8092328612376932
0.5822045775361314
0.23814746889451638
0.03386930907824307
0.00011141459467733548
0.002199334235489216
0.05265891913279999
0.15994204455002844
0.17634983854712244
0.06967991569873705
0.0007053575656682251
0.023001657188933322
0.03228335854875865
0.004521173889518041
0.009081394383566416
0.5943650646422517
0.7319784836058527
0.6567616678567987
0.3626274324727848
0.11553810520143425
0.03473051952112152
0.0517041007914313
0.16513842850346844
0.3245404180551135
0.3370297497819311
0.17052816682724398
0.025981673963530943
0.0010702260330884244
0.00560055864403471
0.0007839020971785448
0.034905601607532255
5.742195189422666e-05
0.040352858661749855
0.07654077342060386
0.03189167881375911
9.811977488369975e-05
0.004633680137423297
0.0010842178792926794
0.06767462520543338
0.21393256872789226
0.2536290890151621
0.12710433294887474
0.013327112805788875
0.005697202075418493
0.01401083077522171
0.0002502484923538388
0.02129898865003388
0.529248123846918
0.24197262545667697
0.13586181407166517
0.16616355891779647
0.2640464402867943
0.281584256938899
0.1375785495448818
0.007609569925874063
0.02839868239176019
0.06613520163038739
0.02202952551513806
0.00428966166301898
0.05744212252236376
0.0744940176635354
0.026826475869413474
2.1288055043079788e-05
