0.8116894269228656
0.6792825501920341
0.49611578384775634
0.41255646264241197
0.4901430504378599
0.6488151506558035
0.7329118461380553
0.6343313091026845
0.37439445966460516
0.08685323940556988
-0.07762758877441658
-0.05150920456517061
0.1137877758723332
0.2927943203262777
0.3719813820247441
0.31584634550995183
-0.09344353425088953
-0.0911221975649023
-0.02679763949625874
-0.04717681520832451
-0.21411214247823246
-0.449173744409423
-0.5970942764147573
-0.5483709296265589
-0.3226979554537177
-0.05417570662423077
0.10319063671475956
0.07647426747632491
-0.08812964478105376
-0.2682455809485538
-0.35075995215668415
-0.29889329465035713
-0.6809543858892793
-0.6375498363637764
-0.6433569564186146
-0.5572198514988354
-0.3198843962656041
-0.011658380111283811
0.20882960345694032
0.22694714280449482
0.05728140209296893
-0.16875905575444944
-0.2962722699687364
-0.24869595421331792
-0.06805180272951379
0.12595161322470505
0.22068371089154812
0.17850385390729
0.8327453505752119
0.8668397506296077
0.9270084101456928
0.8742561637045029
0.6499851256017461
0.33573510451531186
0.09396481838430298
0.04581842559295585
0.183876438775133
0.38188907826465757
0.4866456450580112
0.4204035918802611
0.22315253042924676
0.01366908757196715
-0.0945900188553461
-0.062218635736929886
-0.22768495516519519
-0.3935633554993957
-0.5747536494000723
-0.6287726604351795
-0.49260824117547103
-0.24476937204508678
-0.04825623568704113
-0.028503049044707296
-0.18409680099395348
-0.39373063993799207
-0.506415301899301
-0.4442715904279826
-0.24660014883885273
-0.032722001589166036
0.08159004462998831
0.053752860393132124
-0.6065522522025599
-0.37105812557368006
-0.1067598188336715
0.0374612081367692
-0.0095578968628771
-0.1765167660469151
-0.3041042926967652
-0.2665271673534546
-0.06255958693603311
0.1887726403411511
0.3367728547216378
0.30217995483939153
0.12296349985241412
-0.08113284564394921
-0.19170380447309143
-0.16232901254121634
0.9418509744748766
0.7610305980329394
0.5230111306404563
0.3806430095275695
0.4123462581441504
0.5544937377267443
0.6529965534887384
0.5839541947213799
0.3461326117329478
0.0590091371752518
-0.1243747636800639
-0.12096910122745491
0.034662471953171764
0.2240127432807168
0.3272281350289752
0.29474370509146103
-0.48642923939062827
-0.4380312185852581
-0.3115411440635899
-0.2580783302042108
-0.35854918435276106
-0.5533700143496089
-0.6912301300884718
-0.6487766332323159
-0.42436441149461224
-0.13829045700992976
0.053082737535855073
0.061492226542247175
-0.08360375227784347
-0.2667233407057798
-0.3682628371641352
-0.33697661544209057
-0.35998373521259236
-0.3127125742111805
-0.34106145815235334
-0.2996843061406538
-0.10969415225545655
0.16884276681808594
0.3831711580284041
0.4067729187070206
0.23451506209490675
-0.014846636328733648
-0.18322918559787366
-0.17800079007424385
-0.023671052340743945
0.16770014930920288
0.2775349445745817
0.2538865957108659
0.8557322303942889
0.8318703034425246
0.8623419232606524
0.8064800399159058
0.587749302836226
0.26814088882017456
0.004103498102803083
-0.07189972093381714
0.051803024545545084
0.2610628019542178
0.3989141869562367
0.37077040127633437
0.19806362148549034
-0.00926796784698336
-0.13289728845599844
-0.11984157704185691
-0.5658512700246902
-0.6626278797020665
-0.7946193263487245
-0.8206205877021397
-0.6623492798917682
-0.38079947384961926
-0.1343632831900291
-0.060811348653432906
-0.17870113296888473
-0.379619188063978
-0.5093714495524189
-0.47332931953228485
-0.291793159098792
-0.0743977380839799
0.059183228097073576
0.05360320372756877
-0.25753315968245716
-0.049803670279223396
0.195251802794192
0.3311688887438583
0.27300723165541146
0.07601491327416848
-0.10374778558802716
-0.12675331594635075
0.029770119963722808
0.2613877796804539
0.4157607656701728
0.3980002265874182
0.22759185063504622
0.014572888295004624
-0.11906430433342652
-0.11448028676681415
0.8957007776783419
0.685181098366695
0.4135242533503045
0.23249541852782116
0.23508685427128084
0.37423599737969304
0.4993324303377866
0.4725040039303306
0.2701301536759674
-0.004264664986401712
-0.1975724948070605
-0.21252919176244955
-0.06621834645466276
0.13198209646204334
0.25831448819639435
0.2505342228315083
-0.7918947845701455
-0.6906620850763571
-0.5013141273341064
-0.376187214869187
-0.41294827193338246
-0.5707328760011176
-0.7036705613884173
-0.6758892959509659
-0.4640505657996124
-0.17242978272446513
0.04311867623556395
0.0808382721513593
-0.046689968232610124
-0.23268431769610573
-0.3532655519416465
-0.3440428135789046
0.03823419460492471
0.06429326806526342
-0.0065791312928156764
-0.026895043583330502
0.10045601361835638
0.3361458886268186
0.5351823623410845
0.5607247544332777
0.38764006794834227
0.11972281377031088
-0.08488359584206936
-0.11970757294722847
0.007944544441026075
0.19504025881998005
0.3189241089197657
0.3144200120555102
0.7048495855101087
0.6432823167758214
0.6638281554238604
0.6252719743463517
0.43360729119922276
0.1298728679872221
-0.1382349341846071
-0.22927637184549474
-0.11287369994622608
0.11073857046952615
0.28367778972109775
0.29666915861917104
0.15298133698525795
-0.047497186060094676
-0.18325412475686154
-0.1886344381374028
-0.7861951083630019
-0.8103923224455406
-0.8934176097107931
-0.8965665578422841
-0.7266108634137153
-0.425281339574396
-0.14309607196723634
-0.027155741073711326
-0.11487105017434127
-0.3118314687172399
-0.4628848753167829
-0.45837396930743707
-0.29970141170131537
-0.08541332632809756
0.06273390848788216
0.07762458789695939
0.13338626732713088
0.2880217704693264
0.49227618396981665
0.6043505920742367
0.5266680595145601
0.29724822953117325
0.06592900209359931
-0.017018845951892958
0.09139108124960615
0.30207039424355486
0.462884609419437
0.46465418941639314
0.3081326451218861
0.09191597190495097
-0.060562208510312354
-0.07934927153839388
0.6839153527579952
0.4698633326643876
0.191123019836397
-0.004918851291509457
-0.012931283161361856
0.1367235550534266
0.2989983856993913
0.32437399672162337
0.16773813855084957
-0.08434131121939868
-0.2806571066038417
-0.3111032443393472
-0.17499355536876104
0.029288837843667037
0.17645348241974376
0.19317815469188232
-0.9521687491009825
-0.8033312570052104
-0.5615174247490006
-0.37684955112228935
-0.3610787271906274
-0.4915462482255702
-0.6291705461503503
-0.6271639796443942
-0.4407375035804494
-0.15656525481029487
0.07248726199283834
0.13299464172545283
0.02073681109839609
-0.16783082640628377
-0.30683750688818506
-0.3204029249376087
0.4379820212918153
0.42362877203892313
0.29744367540536687
0.20652791086934474
0.2641045989550471
0.45132957009722485
0.6323481505611638
0.6614678206731577
0.49355404012259896
0.21551937694879053
-0.017345443985661096
-0.08705358139183886
0.015703046905876317
0.1980907888856493
0.3353208705150442
0.3504371619980486
0.4077745447180368
0.334289012798202
0.3676229453099165
0.3673755739924359
0.22312890393280985
-0.045668096222848384
-0.30217702022095433
-0.39803415685254906
-0.28458247287131744
-0.046472957531349085
0.16035286359676293
0.21438893366774894
0.1015973770370977
-0.08902793381281279
-0.23442117277533114
-0.25744525549396025
-0.8442785940036779
-0.804695173566734
-0.8494537596107559
-0.8432894099380824
-0.6784970773241745
-0.3762128768283048
-0.07621351092276768
0.06791817248966775
0.0011199929812974185
-0.1971867307648673
-0.3732265832707444
-0.4044381766017044
-0.27402653356422974
-0.06857020267520866
0.08969270143660252
0.12300787461202511
0.48864428549783423
0.5733064311333788
0.7240092870891904
0.8052334232702931
0.707647145642347
0.4508697484628077
0.17555968897874114
0.039565256159826034
0.10439597444742699
0.29672227818923447
0.46638407859688197
0.491546194974504
0.35453704542812237
0.14132027715522433
-0.02508817740286548
-0.06496841397383568
0.34922326164221584
0.16040112274762347
-0.09829161704332706
-0.28662864319306514
-0.2889008822474397
-0.11851945649626203
0.08729115256156231
0.17009536470635117
0.0647992031982754
-0.15938071006555984
-0.35476548962502996
-0.3998382052662156
-0.27621471858939195
-0.0698276338376831
0.09465770672302373
0.13450975261456344
-0.9376556577688824
-0.757642053958049
-0.48322907934506876
-0.2589200998988468
-0.20776624864594273
-0.32464244058283903
-0.47860527172639133
-0.5138760449842867
-0.3650711940760224
-0.10036811329299977
0.13235833152445986
0.20971749447071342
0.11093638406835732
-0.07924438917286099
-0.23517395695072335
-0.2713146128884808
0.7631033056387487
0.6989729549506856
0.5147837093944179
0.35432838052253385
0.34429034539737247
0.48547684329587315
0.6521583544470779
0.6912436044515764
0.5379363500982928
0.26084217575244995
0.00986531866748383
-0.08771682676201034
-0.006709130505372418
0.1712496554193872
0.32118285396554264
0.3560600684525295
0.020738675258752795
-0.03857439585005761
0.028367355819196735
0.08371621260505319
0.002342817230709726
-0.21776168208209354
-0.4520744189681999
-0.5470365328669834
-0.43616112949955427
-0.18704617085962646
0.04903377203395956
0.14088620942457303
0.05829817484147354
-0.12120277141294215
-0.2745612727568877
-0.3145661234663049
-0.7273451283882967
-0.6431323886595038
-0.668293354418864
-0.671878065894578
-0.5324841505428696
-0.24987650455955918
0.04922483270529143
0.2072644285148737
0.15265158185288952
-0.05112269045040568
-0.2540361394116932
-0.3230098200145217
-0.22419418172749786
-0.03176007605185727
0.1329451403308716
0.1827327881705271
0.7377636692689498
0.7470966825982425
0.8423722753089562
0.8954226611156917
0.785875673405134
0.5138913708533829
0.20817085781047642
0.03103025722921582
0.060700403230612265
0.23986682644137072
0.4221020665975954
0.4748029504874993
0.36265588979776886
0.1583181426092227
-0.017123008988022104
-0.07545639523682113
-0.041921777594314924
-0.1795439499827441
-0.3953443316215821
-0.5583988595981919
-0.544200092262949
-0.3487778593201307
-0.09912495659803863
0.04040630038241988
-0.01334122249661579
-0.20847489014774115
-0.4022249088311517
-0.4631454802894087
-0.3555476429942622
-0.15188335255588875
0.025638737751818325
0.08643909655643893
-0.7525636218223574
-0.5660099363492826
-0.2848953549006506
-0.04497030869654206
0.02204942586357761
-0.0956496026650033
-0.27676290800559156
-0.3587909072850551
-0.25714905239381997
-0.0212160297676304
0.20766967325499405
0.2976733322095977
0.2118067330701457
0.021934549989249735
-0.14853934309443637
-0.20622800420586465
0.9517788041163108
0.840364056327837
0.6065311407387586
0.3875984449997553
0.3207363814215382
0.4252508231855688
0.5863578478849771
0.6451215843780389
0.5177896338900654
0.25373682307186574
-0.004602281614507375
-0.12262634287110613
-0.05993848585457884
0.11393692259107407
0.27573443527961555
0.3301431828234582
-0.3823772867261647
-0.40639532428897174
-0.29141008207986047
-0.170520270327001
-0.18125457846047455
-0.34629514545644485
-0.5543737029360991
-0.6482102908243481
-0.5439623070099788
-0.29090925001110457
-0.03315958884423431
0.09083083376432691
0.03582175708631233
-0.13261275332740374
-0.2929600208102102
-0.34945431341760796
-0.4568195663016805
-0.35356278254453094
-0.3816889166007855
-0.41562270247215105
-0.3215089558726578
-0.07758105322830114
0.2042296623910921
0.3644927463193058
0.31600707280184853
0.10533111609272362
-0.12367340784396859
-0.22989321495255666
-0.16375523443735557
0.01319561330507648
0.1817240647912975
0.24641786135658042
0.8310684008853311
0.7720922560895886
0.8208619715731109
0.8573018381078211
0.7507187902974155
0.48098430100977096
0.16235486577989597
-0.041263402179697206
-0.0365817695539333
0.13544243292514518
0.3339818447783027
0.41774919876331357
0.3348679165796996
0.14435853933044793
-0.035835934008294226
-0.1101341394218992
-0.4122762533200534
-0.4803873429251678
-0.6387427577934428
-0.7672288268339047
-0.7337522548676321
-0.516349326818633
-0.22925386634529313
-0.03960395910415043
-0.04655032436268425
-0.21536899436247825
-0.40953343897361505
-0.4892315207557977
-0.4020801192332949
-0.20633580162504253
-0.02024916846275951
0.05906411697400979
-0.43406421746696755
-0.26920072090056857
-0.00871154403461255
0.2230887237355365
0.28812847286455856
0.15798089644107371
-0.05749048078681562
-0.191699347826886
-0.14264945806576512
0.05901255991371758
0.27974570399925236
0.38063485199569524
0.3088065170732298
0.12221889440253585
-0.059784795968942234
-0.13756706916808598
0.9685169563557013
0.8238568489507296
0.5586087009957568
0.30038742625643816
0.19378448435307935
0.2754191916173692
0.44238676694928497
0.5317283070004335
0.44180814156890147
0.20224587162185298
-0.053698489732296226
-0.18575132470448066
-0.1387880951603262
0.030782620615401476
0.2032737408289604
0.2768057228962746
-0.7243782985911571
-0.7012257706174827
-0.5334086696435762
-0.3466156461940132
-0.28793696714499906
-0.3994927845408669
-0.5839423228501325
-0.6816905328250811
-0.592090081909272
-0.3450024186182059
-0.07509479251571549
0.07408071630363364
0.043163370642022914
-0.1148826610470743
-0.2816920640771662
-0.3544757017804975
-0.08416599337965709
0.011260321335543819
-0.041429882500814995
-0.12350487015554178
-0.09049651914851634
0.1004441168004048
0.35341801867862566
0.5088763386032227
0.4646920641922578
0.24933402517005088
-0.0019711323211490106
-0.14252887370135198
-0.10827986885349034
0.052161747393677904
0.22292048867312741
0.30155200076571703
0.7493576171976626
0.63993794349694
0.6597100053831485
0.697380093638022
0.6128968015721112
0.3653742124302259
0.05247889676117376
-0.16286890957561634
-0.17368509267398996
-0.0039201230945049015
0.2133314111654498
0.3303518631384356
0.2798625374558723
0.10698042022805035
-0.07459954424797804
-0.16289192788325774
-0.6888381491667991
-0.680190290547586
-0.7772007680973388
-0.8715683440328944
-0.8246065929214081
-0.5956597944238035
-0.2836131406843432
-0.05523171115801012
-0.0236612179214567
-0.1713720728550725
-0.36963576566028766
-0.47201170783978275
-0.4101482137910114
-0.2275124237556562
-0.03709753437631563
0.058474583817452686
-0.045047227524553264
0.07164631501674544
0.28761017202688466
0.4920952088727423
0.5425996941442245
0.3940634317837147
0.14272040425331486
-0.04376448300308955
-0.048026334618827216
0.11785783515358132
0.32940016626022595
0.4419579062941573
0.3870634040652565
0.2077443675196463
0.017613715636010552
-0.07874862635320784
0.8110279486007399
0.656111308047423
0.38444883279916997
0.11086840234389
-0.015585939140451005
0.058025250561290515
0.24196961501061118
0.3715341704031009
0.32866322402555853
0.122961935196823
-0.12299491096871311
-0.2646960432555434
-0.23250592316394314
-0.06850968089773574
0.11308582039967013
0.20537432411786855
-0.9397328858288716
-0.8692159873708638
-0.6548088374526124
-0.41176456997121724
-0.29350296959187727
-0.3601061614273412
-0.5288485127088938
-0.6394222211543727
-0.575148353689463
-0.34553711993584113
-0.07369969691208669
0.09363175503950338
0.08352534069967865
-0.06467659811150543
-0.23756285514434944
-0.3268350778584283
0.31909072428664165
0.3838697652770935
0.2906440606277042
0.14930111042001368
0.11241322231683726
0.24288488380473125
0.461752649707493
0.610957751940272
0.5740329585515583
0.36007644577055475
0.09311902577340216
-0.07694878076518605
-0.07256546943542921
0.07121984667737498
0.24337397102528355
0.33565838767611733
0.5076578422239799
0.37291473172598666
0.3859045937936863
0.4450150439531378
0.4022905008703847
0.19614769828978124
-0.09409076815277441
-0.3087928212516161
-0.32835750514582296
-0.1587218538466993
0.07723219561960305
0.22780072667999343
0.21143343443600215
0.058914426636856115
-0.12153792032156274
-0.2224795299711595
-0.8170530299263582
-0.736761792051946
-0.7794628018215434
-0.8493452251108922
-0.8021443068444669
-0.5779574678257389
-0.25782375427242143
-0.005035781841785436
0.05510501725678513
-0.07741953833789925
-0.2836417665101479
-0.41254815550799256
-0.38067187462160634
-0.21609121293994962
-0.025257675297094717
0.08458701729817557
0.3381200844327985
0.3869684774585228
0.5421203239987277
0.7079148651296663
0.7390208983331389
0.5734922408182099
0.2914514120783963
0.058316175205462284
0.0045948829426849525
0.13667141667036647
0.34059034836554963
0.46755633361760823
0.43389870116942664
0.2666972323793443
0.07221364552434321
-0.04114124986295681
0.5106486842708262
0.37302060172609713
0.12229398989239931
-0.1421764144338108
-0.2696200477789245
-0.19151152312872155
0.017304091993925907
0.19316455168852525
0.20351839572045588
0.03793773522717232
-0.19315559227636267
-0.34245335558221923
-0.3259573836155495
-0.170092526209953
0.01838046909587268
0.1289581694492026
-0.9872873089525946
-0.8809911596178731
-0.6364705425067878
-0.3554049173943107
-0.19411035573615204
-0.22905315393210104
-0.39297914965269315
-0.5268796438230734
-0.4992715173546576
-0.2986996289114492
-0.0347669252842043
0.14440548361663091
0.15265880776614016
0.014421236330505627
-0.16388995605025042
-0.27004072031016985
0.6752444265720856
0.6951018456920578
0.5545125627567504
0.3520518455554084
0.2452674815075493
0.31554109573401923
0.501486839925143
0.6481942568486816
0.6256305651413854
0.4223810654834166
0.1487599767045925
-0.04449088367942372
-0.06713018915149294
0.06028752969427455
0.2333696731940071
0.33951674859619385
0.15232069048331753
0.0197014678043205
0.04809837872554963
0.14682285805342488
0.16211714071773087
0.012476047078609442
-0.24236226369476294
-0.4481238537233239
-0.47358728021811825
-0.3055562092809971
-0.054015538491688886
0.12798935022187022
0.14582407671945763
0.015375896229617603
-0.16208260371401245
-0.2747984190301613
-0.7714304473117343
-0.6359408621669687
-0.6405160202278771
-0.7023467388447516
-0.6728625442088293
-0.47282730219935115
-0.16332849652254444
0.09871637828077257
0.17758749900486123
0.05518100512098824
-0.16159880675938748
-0.31962305111030287
-0.32146031041527234
-0.17929489707672328
0.00831636670687616
0.1305037261641177
0.6404456351639403
0.6123717824859721
0.700789395571166
0.826015201921249
0.8412749176138927
0.6675272576049671
0.3663304009335605
0.09741321909390033
0.002035315766369006
0.104909800228075
0.30431880489965957
0.4492890058777169
0.4417262242607232
0.2919753754079786
0.0973866277843124
-0.030919333620897965
0.12624240153152855
0.032667285881322755
-0.17234413564007509
-0.4069287878179329
-0.5209529114436623
-0.43086837962595914
-0.19468703445692614
0.0282059652173971
0.09319691776778888
-0.02982782739547618
-0.24400314836022258
-0.40086871209299607
-0.4025029249940455
-0.25853143600701634
-0.06635281988404619
0.06138318625663383
-0.8582528922674504
-0.7372914092374101
-0.48653674073400266
-0.1912127502654769
-0.007164606838641507
-0.025637178674047106
-0.19583697995492103
-0.36250570332315696
-0.38122762094348367
-0.21955251585528274
0.02807014627559981
0.2139121115570736
0.2390594493346132
0.11180316024572126
-0.0705455849859743
-0.1935395292414676
0.9154988099964718
0.8874671402906978
0.7035067240356567
0.448189210556048
0.2805016649749231
0.2982436956930998
0.4579825502192236
0.6097525678581432
0.611199752960334
0.42978125037562137
0.15989802418510518
-0.049146636799453386
-0.09532893520080743
0.016220381112916876
0.18972604826415318
0.3099575320224145
-0.2479765861331969
-0.3540172871003412
-0.2927056484015979
-0.14222874215064255
-0.05941042047390954
-0.14409702311449646
-0.35672840202891287
-0.5502215324940417
-0.5828810541325401
-0.4215379522794238
-0.1607303025445045
0.04790297681640662
0.09803991007200177
-0.009800531574460036
-0.18291486540474297
-0.30674002225080826
-0.5605031735246707
-0.3944075017940704
-0.3826956529026903
-0.4560364083602526
-0.46323092964056595
-0.3063517459313406
-0.025132871827951132
0.2324068139365661
0.3218388814272828
0.20652913192004294
-0.021047224146534038
-0.20842344609578645
-0.2457920917328651
-0.12924238900754065
0.051914677247879126
0.18444389855100707
0.8028887677311056
0.7011900978282433
0.7281109541918568
0.8202557294921345
0.8307012151391977
0.6634282750862983
0.35938998565963454
0.06936910100681912
-0.05711087687237326
0.02270448792413962
0.22110589545150844
0.38731460613849045
0.4101762951643264
0.2830001315907583
0.09284098558003732
-0.047727726592776354
-0.2672412759640928
-0.2959951645435257
-0.4375409622841127
-0.6286904020587606
-0.7218745286283617
-0.6190398827845676
-0.35946816255177505
-0.09488478931924363
0.02087912757082383
-0.0611910692040451
-0.25903403870262565
-0.42494127480999977
-0.4480434414013236
-0.3205403017070724
-0.1287938810678549
0.013914636873928632
-0.5779137128971458
-0.46880684158502073
-0.23881009025398375
0.04559794270122297
0.23207251338021995
0.21613510830283683
0.0310786345788056
-0.17436684026034596
-0.2453669812279491
-0.12915656462792985
0.09617805260515105
0.2850961175359381
0.32674975044981613
0.21245737803210796
0.02847587970443713
-0.11037072856607827
0.9933363310466756
0.9263054744493959
0.7133499051057207
0.42241838010216104
0.21029822081333993
0.1888539639057551
0.3327672176068486
0.49897370008333364
0.5346246207356359
0.3861832761872207
0.13049093965648847
-0.08673796731941846
-0.1527870727848437
-0.05667751646900342
0.11637612622427004
0.25047789556417976
-0.6155765291707854
-0.6782983234807979
-0.5749790629090619
-0.36946423308994036
-0.21841831601502792
-0.23774276700359248
-0.40802578976104464
-0.590994390864814
-0.6359021560573992
-0.4893000786993427
-0.22815018393068995
-1.7257629870565117e-05
0.07868925468538707
-0.007129870600682098
-0.17498035942283263
-0.30930192234976306
-0.22516972133869498
-0.05646045367502339
-0.05138071988283894
-0.15466635563294964
-0.21464073091830604
-0.11613697193195062
0.1230391845645165
0.3658079665091374
0.4607253631399103
0.35243468946908785
0.11679303279738612
-0.09729521440881332
-0.16960426065344944
-0.08027864571304656
0.09189414904312522
0.2328463719622028
0.7938340447923009
0.6335731053845737
0.6140389774592234
0.6880390427578369
0.7098537458352667
0.5671137451740172
0.27877969251422213
-0.016142596176036472
-0.16230097953309547
-0.09934385532988169
0.10075441513097859
0.2900584975061412
0.34625427786288654
0.2458396360010735
0.06442923189994153
-0.08533965312318736
-0.5933314196399037
-0.5465593603180536
-0.6170223387999787
-0.7605698837127515
-0.8337238964302036
-0.7245052096176998
-0.4518259236341027
-0.15647495166554382
0.0015325733938702513
-0.04460981909919792
-0.228742494740158
-0.4060441699730054
-0.45422439522456953
-0.34802347285263474
-0.16143869629666185
-0.006860730094718048
-0.20071299611359372
-0.13019864340079335
0.05383300020421968
0.3051444176779543
0.4774062859765033
0.4543004042334128
0.2505655945486873
0.005438350502451478
-0.118823940562267
-0.05042542948270243
0.1497151827054379
0.3400530607306109
0.3990152026618853
0.3006069441961679
0.1183942563567001
-0.03425078158391949
0.8935573766974967
0.8065065561665824
0.5868662600535859
0.28368373401747565
0.0480970804392335
0.0036343439962647217
0.14317652663038158
0.3327054166199017
0.4112614437734998
0.30519214133508504
0.07272548982141422
-0.14596388259624604
-0.22873438768962973
-0.14812524063196705
0.022979420519605345
0.17007017610217764
-0.8789315006243963
-0.8925133199113158
-0.7486126027052414
-0.49475087867907064
-0.2839269542566143
-0.2453346708521117
-0.37923494506000976
-0.5576718032816859
-0.6226081122268013
-0.500620101776705
-0.2495155015464407
-0.01035140065663337
0.09206615544145877
0.026972393796850985
-0.13492804213370213
-0.2790838629417912
0.16925199057606616
0.3145665550740726
0.293798900028129
0.14732456653954087
0.02466926758920801
0.05603700543231527
0.24535599384706744
0.46806879302286014
0.5674101531825915
0.46942515454778094
0.23148155506076573
-0.003906866649692975
-0.10824271125911597
-0.046128454318820095
0.11537511537284989
0.2631072336052924
0.615236497953433
0.4203751368667432
0.3759826169717354
0.4508359726108172
0.5019951626523022
0.40198956801304575
0.14715978427122833
-0.13754460308327998
-0.2932089986830092
-0.24243361846343658
-0.03982949411425883
0.17229425543333055
0.2627360246538919
0.1918179324441689
0.02277811106208047
-0.13317353283968625
-0.7888975436881276
-0.6681049842190666
-0.6711561943765703
-0.7726340184754297
-0.8344103096092139
-0.7313537523841851
-0.46078981013189557
-0.14961230821389185
0.03897627147219185
0.021639730333007312
-0.15237849566949982
-0.34347302002952945
-0.4199241967547285
-0.3395109479948672
-0.16288489921460506
-6.360634157018263e-05
0.20032774541907514
0.2105617108722651
0.3297805575338998
0.5326137074457171
0.6806924036070621
0.6470864436395423
0.4269757042420076
0.14710438330486822
-0.02611360671909113
-0.003544639416155737
0.17157890739352707
0.3635613667231178
0.44168754780088104
0.36280929512797944
0.18653622331249264
0.0230649390611376
0.6352332677407574
0.5534635761418019
0.3533670720604845
0.06338972703338866
-0.1740026089614198
-0.22586724803751346
-0.0810002215265656
0.1379619870617459
0.26480687779818257
0.2072825100714511
0.0044768345220729255
-0.21073634106248013
-0.3082232259755669
-0.24400483885161472
-0.07712639343942355
0.08129371042673661
-0.9865070975175098
-0.957090603230909
-0.7845876180769777
-0.4982618782610336
-0.24390815241510133
-0.16103490332489667
-0.26886689069097325
-0.4512846162434483
-0.5451047377097588
-0.4578658997725502
-0.22723755665155
0.014350987101857893
0.1353984224113202
0.08960241089229401
-0.06558712124824025
-0.21870772658570575
0.5457180807696106
0.6485714052107006
0.590480466261361
0.3958531060570737
0.20903629126339107
0.17246155732481494
0.3109741777378886
0.5137722926115217
0.6205345547202714
0.5392186712902474
0.30725987942769334
0.05817845912556288
-0.07343632701132288
-0.037198730899066945
0.112697896950371
0.2658825982455626
0.3022405105153756
0.10108797269086614
0.05549888041004508
0.15005850111032784
0.2465306051212532
0.20426618837543897
-0.002856245854155587
-0.26563931698130205
-0.4236707809702743
-0.3831603826807342
-0.17990003639707275
0.05220020284004541
0.17552629815022455
0.13513779836044332
-0.018890063924312722
-0.1783583929867228
-0.816415519348658
-0.635137035614272
-0.5847363540069138
-0.6577823692921377
-0.7226751430701135
-0.6422545689283565
-0.391619188912923
-0.08129665799173699
0.12511665624323495
0.129050570141934
-0.038131602119696045
-0.24450649088313667
-0.35127823340165276
-0.30019976533948445
-0.13789829648539542
0.029422317070298618
0.5477959645018675
0.48544433070925597
0.530744581715385
0.6789825140802073
0.8011766324779193
0.7609240748022406
0.5330168718933216
0.2288585820743429
0.015694856751028496
-0.0019154270752958502
0.15083254604633048
0.346026966839458
0.44575332823816094
0.390353857016459
0.22460324168368034
0.05394835638015866
0.26800362746040224
0.21809632861774644
0.06286690328118086
-0.1907748808822189
-0.4114715487838904
-0.4588507942077552
-0.30319324018264204
-0.05328877049420236
0.12260106036648319
0.11563820222988608
-0.05433518077763942
-0.26337204535089065
-0.37497095684843706
-0.3289702512690392
-0.16939867237561118
-0.0021213251373271153
-0.9168007620421303
-0.8611643028529824
-0.6805285940488061
-0.3842565140454178
-0.1076320222386008
0.0024698813109526596
-0.09137667149739055
-0.2865110040094043
-0.41714854146176217
-0.37334417816343696
-0.17223320463909458
0.06417435010685885
0.19937811478428963
0.1718592085524107
0.024532195494336898
-0.136275836418093
0.8304352845876409
0.8822674551475453
0.7856024996374187
0.5476304468651481
0.30426010354509103
0.20693792076541928
0.30017492226675224
0.48794797183682864
0.6083111311539251
0.5521132886133346
0.3359366016719365
0.08204056758416589
-0.07100741985664888
-0.05848673857752004
0.07934074776196699
0.2368527624833944
-0.08365552654097613
-0.2637962639674035
-0.2896994306246518
-0.16091632027411523
-0.008662597312494302
0.01580694841263025
-0.13519555762108793
-0.3693810912248421
-0.5267456459465923
-0.49794085491922063
-0.2987654414952304
-0.052113192925496266
0.10051897830180206
0.09000960606782227
-0.047412265185917124
-0.2082269202093286
-0.6712526668821003
-0.45257602641593625
-0.37002119832413616
-0.433201877796888
-0.5183299015616903
-0.4778283839087828
-0.26462519705746607
0.028987501492027168
0.24151475949517523
0.2604363529903681
0.09834755028492437
-0.12302474544650192
-0.260405041086337
-0.24079063978993281
-0.0963472008443256
0.07195499518183748
0.7749236952380164
0.639615514346934
0.6131720766442081
0.7106231599661894
0.8134174750655545
0.7768736624930361
0.55491189614843
0.24109237810327616
0.0003044778634167522
-0.0494461315845226
0.0849480475777389
0.28538630792347064
0.40902654941368405
0.38079467432233394
0.23012410591874047
0.056290520186572476
-0.13756157219208218
-0.13307708913920893
-0.22371938720592358
-0.4241869031102901
-0.6160145996530381
-0.6531073138557596
-0.48702626396028825
-0.21024916061863302
0.010294317827350297
0.051527868111189534
-0.08575624190654291
-0.2880968303320113
-0.4144782814016592
-0.38929949448335976
-0.24077707364684708
-0.06786175087768966
-0.6825291617308459
-0.6246541919011205
-0.46108228927852224
-0.1801689402791996
0.09614946741757502
0.2163543018281213
0.12551833464719453
-0.08890949152124765
-0.2614502785951544
-0.2667828233294135
-0.1016480680122383
0.123859173853967
0.2699603142462734
0.26048362297289773
0.12279102088029983
-0.043843775792521016
0.967210382888936
0.9714517967743149
0.845635420272671
0.5784915060193595
0.29423310004473185
0.14994716068654557
0.20832550896823415
0.38907356456779774
0.5308017194992025
0.5087556486818712
0.31832685179035974
0.06864533192587882
-0.09974543959501611
-0.10853835363367928
0.016878652650901382
0.17758776084434058
-0.46656018334050453
-0.604511983996011
-0.5968799022152718
-0.4270364624854517
-0.21652187416151336
-0.12408570118206247
-0.21746947866802396
-0.4220123966864659
-0.5799558094446666
-0.5674982685938078
-0.37967354824709476
-0.12603277729172724
0.05050667237013076
0.06781432719913774
-0.05232843703851946
-0.21280994382667728
-0.3825569054003377
-0.15482855185205271
-0.06442935605668743
-0.13711031827732018
-0.25842628187899264
-0.27256514223233674
-0.11109028560889495
0.15316636792788804
0.36298561650487615
0.393189397843129
0.23686890073333136
0.00311156314465634
-0.1630371760304425
-0.1753188113739605
-0.05118024453274521
0.11506427131895111
0.8385503716199283
0.6421186657234128
0.556785595130741
0.6159233613783185
0.7122548855161757
0.6942366901130808
0.4949473596464794
0.188120684471754
-0.0666050323236011
-0.13971593589204515
-0.019587198546924034
0.1875816581585936
0.3365579766201987
0.3383317453801483
0.20682006082431015
0.033836918180474976
-0.503662997840653
-0.4308904062904098
-0.44649023263995113
-0.5859899821381095
-0.7449852016732523
-0.7731590316160759
-0.6032634648846862
-0.309172806566957
-0.05312032040783404
0.03009283454001116
-0.07740748091402502
-0.2741949452666183
-0.41684363832007165
-0.4154784778554955
-0.2821128705088706
-0.10734957750859649
-0.32817008552426635
-0.294372139821944
-0.17305307384926175
0.06881020517836574
0.32482226046439255
0.4411981617188646
0.34610656130544043
0.10994585540998238
-0.10527859971599884
-0.16141705730640163
-0.0353985007755763
0.1758623132442907
0.33110498626174395
0.3403694321100123
0.21478456266576312
0.044859487781740856
0.9283835227729643
0.8995737108418038
0.7630233138876763
0.4880035541822584
0.18403616241989798
0.010555311207033902
0.04689705998769236
0.22947531268700777
0.39992754912612416
0.4199402797388248
0.26396953555048175
0.02655856859223074
-0.15166297237273613
-0.17967570383543416
-0.06723967496588633
0.09529635031608721
-0.770950753707558
-0.8555574110519134
-0.8104083340247672
-0.6021855465492216
-0.3399089660503739
-0.18636126078432053
-0.2273853574692779
-0.4063722782172382
-0.5696844899197393
-0.5805426339054963
-0.4129505622072017
-0.1611883183221754
0.03271430930171726
0.07483688023985707
-0.027998251680748654
-0.18683040867999046
-0.007577727356815278
0.2008802097314463
0.2766600322066848
0.17858241462629826
0.009905542634490033
-0.06807114026827593
0.03292746390617837
0.26014347042628877
0.46252845180366176
0.5036160134618062
0.35651694622959335
0.11544311502116042
-0.07547981237005358
-0.11836735519230676
-0.01581924436734697
0.14594173032424235
0.7274944149936259
0.4919071309268417
0.368594376071672
0.40763164611913594
0.5138544933021354
0.530645132776038
0.37091582541714474
0.08723284889234137
-0.16851908613495442
-0.25716765276835923
-0.14842346686133584
0.06549550872402611
0.23967086289819162
0.2729359222666291
0.16378789903229565
-0.004613898031283287
